// 同步 ID: f1668c4a @ Sun Jun 28 10:15:16 UTC 2026
// 同步 ID: e3058df1 @ Mon Jun 29 20:57:51 UTC 2026
// 重构日志: 211cabcb
// 重构日志: c0f1f90b
// 同步 ID: 8375f451 @ Fri Jul  3 21:00:06 UTC 2026
// 重构日志: 552e84bf
// 同步 ID: ba4363d2 @ Sat Jul  4 12:57:45 UTC 2026
// 重构日志: afb79d2a
// 重构日志: 1e5d9dec
// 同步 ID: 59f8ea47 @ Wed Jul 15 12:43:20 UTC 2026
// 重构日志: 5885f8b7
// 同步 ID: 19b35b5b @ Fri Jul 17 23:46:01 UTC 2026
// 同步 ID: dbfe5ce3 @ Sat Jul 18 10:03:42 UTC 2026
// 重构日志: 87d191bb
// 重构日志: 87e8a6aa
// 重构日志: 74aafc74
// 同步 ID: 71972730 @ Sun Jul 19 05:17:43 UTC 2026
// 同步 ID: 9f56a3f1 @ Sun Jul 19 10:13:17 UTC 2026
// 同步 ID: 2a33f88b @ Sun Jul 19 12:13:00 UTC 2026
// 同步 ID: 37c9067f @ Sun Jul 19 17:39:55 UTC 2026
